  [1m[35m (434.9ms)[0m  [1m[35mCREATE TABLE "schema_migrations" ("version" character varying PRIMARY KEY)[0m
  [1m[35m (101.4ms)[0m  [1m[35mCREATE TABLE "ar_internal_metadata" ("key" character varying PRIMARY KEY, "value" character varying, "created_at" timestamp NOT NULL, "updated_at" timestamp NOT NULL)[0m
  [1m[35m (0.3ms)[0m  [1m[34mSELECT pg_try_advisory_lock(8419689980163625905);[0m
  [1m[36mActiveRecord::SchemaMigration Load (0.4ms)[0m  [1m[34mSELECT "schema_migrations".* FROM "schema_migrations"[0m
Migrating to DeviseCreateUsers (20161130225349)
  [1m[35m (0.1ms)[0m  [1m[35mBEGIN[0m
  [1m[35m (128.7ms)[0m  [1m[35mCREATE TABLE "users" ("id" serial primary key, "email" character varying DEFAULT '' NOT NULL, "encrypted_password" character varying DEFAULT '' NOT NULL, "reset_password_token" character varying, "reset_password_sent_at" timestamp, "remember_created_at" timestamp, "sign_in_count" integer DEFAULT 0 NOT NULL, "current_sign_in_at" timestamp, "last_sign_in_at" timestamp, "current_sign_in_ip" character varying, "last_sign_in_ip" character varying, "created_at" timestamp NOT NULL, "updated_at" timestamp NOT NULL)[0m
  [1m[35m (19.9ms)[0m  [1m[35mCREATE UNIQUE INDEX  "index_users_on_email" ON "users"  ("email")[0m
  [1m[35m (42.3ms)[0m  [1m[35mCREATE UNIQUE INDEX  "index_users_on_reset_password_token" ON "users"  ("reset_password_token")[0m
  [1m[35mSQL (0.4ms)[0m  [1m[32mINSERT INTO "schema_migrations" ("version") VALUES ($1) RETURNING "version"[0m  [["version", "20161130225349"]]
  [1m[35m (20.3ms)[0m  [1m[35mCOMMIT[0m
Migrating to AddOmniauthToUsers (20161130225405)
  [1m[35m (0.2ms)[0m  [1m[35mBEGIN[0m
  [1m[35m (0.4ms)[0m  [1m[35mALTER TABLE "users" ADD "provider" character varying[0m
  [1m[35m (0.3ms)[0m  [1m[35mALTER TABLE "users" ADD "uid" character varying[0m
  [1m[35mSQL (0.6ms)[0m  [1m[32mINSERT INTO "schema_migrations" ("version") VALUES ($1) RETURNING "version"[0m  [["version", "20161130225405"]]
  [1m[35m (6.4ms)[0m  [1m[35mCOMMIT[0m
Migrating to AddParamsToUsers (20161130231600)
  [1m[35m (0.2ms)[0m  [1m[35mBEGIN[0m
  [1m[35m (0.4ms)[0m  [1m[35mALTER TABLE "users" ADD "name" character varying[0m
  [1m[35m (0.2ms)[0m  [1m[35mALTER TABLE "users" ADD "image" text[0m
  [1m[35mSQL (0.3ms)[0m  [1m[32mINSERT INTO "schema_migrations" ("version") VALUES ($1) RETURNING "version"[0m  [["version", "20161130231600"]]
  [1m[35m (7.6ms)[0m  [1m[35mCOMMIT[0m
  [1m[36mActiveRecord::InternalMetadata Load (0.4ms)[0m  [1m[34mSELECT  "ar_internal_metadata".* FROM "ar_internal_metadata" WHERE "ar_internal_metadata"."key" = $1 LIMIT $2[0m  [["key", "environment"], ["LIMIT", 1]]
  [1m[35m (0.1ms)[0m  [1m[35mBEGIN[0m
  [1m[35mSQL (0.3ms)[0m  [1m[32mINSERT INTO "ar_internal_metadata" ("key", "value", "created_at", "updated_at") VALUES ($1, $2, $3, $4) RETURNING "key"[0m  [["key", "environment"], ["value", "development"], ["created_at", "2018-05-20 12:08:25.635944"], ["updated_at", "2018-05-20 12:08:25.635944"]]
  [1m[35m (12.6ms)[0m  [1m[35mCOMMIT[0m
  [1m[35m (0.4ms)[0m  [1m[34mSELECT pg_advisory_unlock(8419689980163625905)[0m
  [1m[36mActiveRecord::SchemaMigration Load (0.2ms)[0m  [1m[34mSELECT "schema_migrations".* FROM "schema_migrations"[0m
Started GET "/" for 127.0.0.1 at 2018-05-20 17:39:12 +0530
  [1m[36mActiveRecord::SchemaMigration Load (0.4ms)[0m  [1m[34mSELECT "schema_migrations".* FROM "schema_migrations"[0m
Processing by PagesController#home as HTML
  Rendering pages/home.html.erb within layouts/application
  Rendered pages/home.html.erb within layouts/application (44.7ms)
Completed 200 OK in 11318ms (Views: 11248.6ms | ActiveRecord: 0.0ms)


Started GET "/users/auth/facebook" for 127.0.0.1 at 2018-05-20 17:39:46 +0530
Started GET "/users/auth/facebook" for 127.0.0.1 at 2018-05-20 17:43:41 +0530
Started GET "/users/auth/facebook" for 127.0.0.1 at 2018-05-20 17:44:00 +0530
Started GET "/users/auth/facebook" for 127.0.0.1 at 2018-05-20 17:44:10 +0530
Started GET "/users/auth/facebook" for 127.0.0.1 at 2018-05-20 17:44:13 +0530
  [1m[35m (12.7ms)[0m  [1m[34mSELECT pg_try_advisory_lock(8419689980163625905);[0m
  [1m[36mActiveRecord::SchemaMigration Load (13.8ms)[0m  [1m[34mSELECT "schema_migrations".* FROM "schema_migrations"[0m
  [1m[36mActiveRecord::InternalMetadata Load (0.5ms)[0m  [1m[34mSELECT  "ar_internal_metadata".* FROM "ar_internal_metadata" WHERE "ar_internal_metadata"."key" = $1 LIMIT $2[0m  [["key", "environment"], ["LIMIT", 1]]
  [1m[35m (0.1ms)[0m  [1m[35mBEGIN[0m
  [1m[35m (0.1ms)[0m  [1m[35mCOMMIT[0m
  [1m[35m (0.2ms)[0m  [1m[34mSELECT pg_advisory_unlock(8419689980163625905)[0m
  [1m[36mActiveRecord::SchemaMigration Load (0.2ms)[0m  [1m[34mSELECT "schema_migrations".* FROM "schema_migrations"[0m
Started GET "/" for 127.0.0.1 at 2018-05-20 17:51:55 +0530
  [1m[36mActiveRecord::SchemaMigration Load (0.4ms)[0m  [1m[34mSELECT "schema_migrations".* FROM "schema_migrations"[0m
Processing by PagesController#home as HTML
  Rendering pages/home.html.erb within layouts/application
  Rendered pages/home.html.erb within layouts/application (29.2ms)
Completed 200 OK in 424ms (Views: 398.0ms | ActiveRecord: 0.0ms)


Started GET "/users/auth/facebook" for 127.0.0.1 at 2018-05-20 17:51:58 +0530
Started GET "/users/auth/facebook" for 127.0.0.1 at 2018-05-20 17:51:58 +0530
Started GET "/users/auth/facebook/callback?error_code=1349187&error_message=Insecure+Login+Blocked%3A+You+can%27t+get+an+access+token+or+log+in+to+this+app+from+an+insecure+page.+Try+re-loading+the+page+as+https%3A%2F%2F&state=0fb1263a00c65d78ecc071c6d69ec48bd99e3f2e6ecdb814" for 127.0.0.1 at 2018-05-20 17:52:08 +0530
Processing by Users::OmniauthCallbacksController#failure as HTML
  Parameters: {"error_code"=>"1349187", "error_message"=>"Insecure Login Blocked: You can't get an access token or log in to this app from an insecure page. Try re-loading the page as https://", "state"=>"0fb1263a00c65d78ecc071c6d69ec48bd99e3f2e6ecdb814"}
Redirected to http://localhost:3000/
Completed 302 Found in 2ms (ActiveRecord: 0.0ms)


Started GET "/" for 127.0.0.1 at 2018-05-20 17:52:09 +0530
Processing by PagesController#home as HTML
  Rendering pages/home.html.erb within layouts/application
  Rendered pages/home.html.erb within layouts/application (0.7ms)
Completed 200 OK in 40ms (Views: 38.8ms | ActiveRecord: 0.0ms)


Started GET "/users/auth/facebook" for 127.0.0.1 at 2018-05-20 17:52:11 +0530
Started GET "/users/auth/facebook" for 127.0.0.1 at 2018-05-20 17:52:12 +0530
Started GET "/users/auth/facebook/callback?error_code=1349187&error_message=Insecure+Login+Blocked%3A+You+can%27t+get+an+access+token+or+log+in+to+this+app+from+an+insecure+page.+Try+re-loading+the+page+as+https%3A%2F%2F&state=8de1bfe33274abb11b51bf0cd58647e28c9e7664d2f4432e" for 127.0.0.1 at 2018-05-20 17:52:37 +0530
Processing by Users::OmniauthCallbacksController#failure as HTML
  Parameters: {"error_code"=>"1349187", "error_message"=>"Insecure Login Blocked: You can't get an access token or log in to this app from an insecure page. Try re-loading the page as https://", "state"=>"8de1bfe33274abb11b51bf0cd58647e28c9e7664d2f4432e"}
Redirected to http://localhost:3000/
Completed 302 Found in 1ms (ActiveRecord: 0.0ms)


Started GET "/" for 127.0.0.1 at 2018-05-20 17:52:37 +0530
Processing by PagesController#home as HTML
  Rendering pages/home.html.erb within layouts/application
  Rendered pages/home.html.erb within layouts/application (0.9ms)
Completed 200 OK in 24ms (Views: 23.1ms | ActiveRecord: 0.0ms)


Started GET "/users/auth/facebook" for 127.0.0.1 at 2018-05-20 17:52:55 +0530
Started GET "/users/auth/facebook" for 127.0.0.1 at 2018-05-20 17:52:55 +0530
Started GET "/users/auth/facebook/callback?error_code=1349187&error_message=Insecure+Login+Blocked%3A+You+can%27t+get+an+access+token+or+log+in+to+this+app+from+an+insecure+page.+Try+re-loading+the+page+as+https%3A%2F%2F&state=11cc101e312fa518dec17bc343a3ce2b51e8fe6f05932f0e" for 127.0.0.1 at 2018-05-20 17:53:01 +0530
Processing by Users::OmniauthCallbacksController#failure as HTML
  Parameters: {"error_code"=>"1349187", "error_message"=>"Insecure Login Blocked: You can't get an access token or log in to this app from an insecure page. Try re-loading the page as https://", "state"=>"11cc101e312fa518dec17bc343a3ce2b51e8fe6f05932f0e"}
Redirected to http://localhost:3000/
Completed 302 Found in 0ms (ActiveRecord: 0.0ms)


Started GET "/" for 127.0.0.1 at 2018-05-20 17:53:02 +0530
Processing by PagesController#home as HTML
  Rendering pages/home.html.erb within layouts/application
  Rendered pages/home.html.erb within layouts/application (0.7ms)
Completed 200 OK in 26ms (Views: 24.9ms | ActiveRecord: 0.0ms)


Started GET "/users/auth/facebook" for 127.0.0.1 at 2018-05-20 17:55:55 +0530
Started GET "/users/auth/facebook" for 127.0.0.1 at 2018-05-20 17:55:56 +0530
Started GET "/users/auth/facebook/callback?error_code=1349187&error_message=Insecure+Login+Blocked%3A+You+can%27t+get+an+access+token+or+log+in+to+this+app+from+an+insecure+page.+Try+re-loading+the+page+as+https%3A%2F%2F&state=da315dead01a8d63f7852358558ba2cb8d50d3f6e9aa49ed" for 127.0.0.1 at 2018-05-20 17:56:02 +0530
Processing by Users::OmniauthCallbacksController#failure as HTML
  Parameters: {"error_code"=>"1349187", "error_message"=>"Insecure Login Blocked: You can't get an access token or log in to this app from an insecure page. Try re-loading the page as https://", "state"=>"da315dead01a8d63f7852358558ba2cb8d50d3f6e9aa49ed"}
Redirected to http://localhost:3000/
Completed 302 Found in 1ms (ActiveRecord: 0.0ms)


Started GET "/" for 127.0.0.1 at 2018-05-20 17:56:02 +0530
Processing by PagesController#home as HTML
  Rendering pages/home.html.erb within layouts/application
  Rendered pages/home.html.erb within layouts/application (0.7ms)
Completed 200 OK in 39ms (Views: 38.0ms | ActiveRecord: 0.0ms)


Started GET "/users/auth/facebook" for 127.0.0.1 at 2018-05-20 18:02:44 +0530
Started GET "/users/auth/facebook" for 127.0.0.1 at 2018-05-20 18:02:45 +0530
Started GET "/users/auth/facebook" for 127.0.0.1 at 2018-05-20 18:03:19 +0530
Started GET "/users/auth/facebook" for 127.0.0.1 at 2018-05-20 18:03:19 +0530
Started GET "/" for 127.0.0.1 at 2018-05-20 18:06:16 +0530
Processing by PagesController#home as HTML
  Rendering pages/home.html.erb within layouts/application
  Rendered pages/home.html.erb within layouts/application (1.5ms)
Completed 200 OK in 59ms (Views: 56.9ms | ActiveRecord: 0.0ms)


Started GET "/" for 127.0.0.1 at 2018-05-20 18:07:24 +0530
Processing by PagesController#home as HTML
  Rendering pages/home.html.erb within layouts/application
  Rendered pages/home.html.erb within layouts/application (2.3ms)
Completed 500 Internal Server Error in 9ms (ActiveRecord: 0.0ms)


  
SyntaxError (/home/ramu/socia/app/views/pages/home.html.erb:4: syntax error, unexpected ','
...pe="button">sign in</button>',, user_facebook_omniauth_autho...
...                              ^):
  
app/views/pages/home.html.erb:4: syntax error, unexpected ','
  Rendering /home/ramu/.rvm/gems/ruby-2.5.1/gems/actionpack-5.0.7/lib/action_dispatch/middleware/templates/rescues/diagnostics.html.erb within rescues/layout
  Rendering /home/ramu/.rvm/gems/ruby-2.5.1/gems/actionpack-5.0.7/lib/action_dispatch/middleware/templates/rescues/_source.html.erb
  Rendered /home/ramu/.rvm/gems/ruby-2.5.1/gems/actionpack-5.0.7/lib/action_dispatch/middleware/templates/rescues/_source.html.erb (5.0ms)
  Rendering /home/ramu/.rvm/gems/ruby-2.5.1/gems/actionpack-5.0.7/lib/action_dispatch/middleware/templates/rescues/_trace.html.erb
  Rendered /home/ramu/.rvm/gems/ruby-2.5.1/gems/actionpack-5.0.7/lib/action_dispatch/middleware/templates/rescues/_trace.html.erb (2.2ms)
  Rendering /home/ramu/.rvm/gems/ruby-2.5.1/gems/actionpack-5.0.7/lib/action_dispatch/middleware/templates/rescues/_request_and_response.html.erb
  Rendered /home/ramu/.rvm/gems/ruby-2.5.1/gems/actionpack-5.0.7/lib/action_dispatch/middleware/templates/rescues/_request_and_response.html.erb (0.9ms)
  Rendered /home/ramu/.rvm/gems/ruby-2.5.1/gems/actionpack-5.0.7/lib/action_dispatch/middleware/templates/rescues/diagnostics.html.erb within rescues/layout (43.0ms)
Started GET "/" for 127.0.0.1 at 2018-05-20 18:07:36 +0530
Processing by PagesController#home as HTML
  Rendering pages/home.html.erb within layouts/application
  Rendered pages/home.html.erb within layouts/application (1.1ms)
Completed 200 OK in 27ms (Views: 18.8ms | ActiveRecord: 0.0ms)


Started GET "/" for 127.0.0.1 at 2018-05-20 18:09:35 +0530
Processing by PagesController#home as HTML
  Rendering pages/home.html.erb within layouts/application
  Rendered pages/home.html.erb within layouts/application (0.8ms)
Completed 200 OK in 22ms (Views: 20.1ms | ActiveRecord: 0.0ms)


Started GET "/users/auth/facebook" for 127.0.0.1 at 2018-05-20 18:09:38 +0530
Started GET "/users/auth/facebook" for 127.0.0.1 at 2018-05-20 18:09:39 +0530
Started GET "/" for 127.0.0.1 at 2018-05-20 18:10:10 +0530
Processing by PagesController#home as HTML
  Rendering pages/home.html.erb within layouts/application
  Rendered pages/home.html.erb within layouts/application (1.2ms)
Completed 200 OK in 33ms (Views: 30.6ms | ActiveRecord: 0.0ms)


Started GET "/users/auth/facebook" for 127.0.0.1 at 2018-05-20 18:10:13 +0530
Started GET "/users/auth/facebook" for 127.0.0.1 at 2018-05-20 18:10:13 +0530
Started GET "/" for 127.0.0.1 at 2018-05-20 18:46:47 +0530
  [1m[36mActiveRecord::SchemaMigration Load (0.4ms)[0m  [1m[34mSELECT "schema_migrations".* FROM "schema_migrations"[0m
Processing by PagesController#home as HTML
  Rendering pages/home.html.erb within layouts/application
  Rendered pages/home.html.erb within layouts/application (8.5ms)
Completed 200 OK in 201ms (Views: 191.9ms | ActiveRecord: 0.0ms)


Started GET "/users/auth/facebook" for 127.0.0.1 at 2018-05-20 18:46:53 +0530
Started GET "/users/auth/facebook" for 127.0.0.1 at 2018-05-20 18:46:53 +0530
Started GET "/" for 127.0.0.1 at 2018-05-23 03:15:59 +0530
  [1m[36mActiveRecord::SchemaMigration Load (47.8ms)[0m  [1m[34mSELECT "schema_migrations".* FROM "schema_migrations"[0m
Processing by PagesController#home as HTML
  Rendering pages/home.html.erb within layouts/application
  Rendered pages/home.html.erb within layouts/application (22.5ms)
Completed 200 OK in 415ms (Views: 392.1ms | ActiveRecord: 0.0ms)


Started GET "/" for 127.0.0.1 at 2018-05-23 03:19:45 +0530
Processing by PagesController#home as HTML
  Rendering pages/home.html.erb within layouts/application
  Rendered pages/home.html.erb within layouts/application (0.7ms)
Completed 200 OK in 21ms (Views: 19.9ms | ActiveRecord: 0.0ms)


Started GET "/" for 127.0.0.1 at 2018-05-23 03:19:46 +0530
Processing by PagesController#home as HTML
  Rendering pages/home.html.erb within layouts/application
  Rendered pages/home.html.erb within layouts/application (2.1ms)
Completed 200 OK in 47ms (Views: 45.9ms | ActiveRecord: 0.0ms)


Started GET "/" for 127.0.0.1 at 2018-05-23 03:19:47 +0530
Processing by PagesController#home as HTML
  Rendering pages/home.html.erb within layouts/application
  Rendered pages/home.html.erb within layouts/application (1.4ms)
Completed 200 OK in 25ms (Views: 24.3ms | ActiveRecord: 0.0ms)


Started GET "/" for 127.0.0.1 at 2018-05-23 03:19:47 +0530
Processing by PagesController#home as HTML
  Rendering pages/home.html.erb within layouts/application
  Rendered pages/home.html.erb within layouts/application (1.2ms)
Completed 200 OK in 33ms (Views: 30.2ms | ActiveRecord: 0.0ms)


Started GET "/" for 127.0.0.1 at 2018-05-25 11:48:36 +0530
  [1m[36mActiveRecord::SchemaMigration Load (44.5ms)[0m  [1m[34mSELECT "schema_migrations".* FROM "schema_migrations"[0m
Processing by PagesController#home as HTML
  Rendering pages/home.html.erb within layouts/application
  Rendered pages/home.html.erb within layouts/application (6.8ms)
Completed 200 OK in 348ms (Views: 318.8ms | ActiveRecord: 0.0ms)


  [1m[35m (0.2ms)[0m  [1m[34mSELECT pg_try_advisory_lock(8419689980163625905);[0m
  [1m[36mActiveRecord::SchemaMigration Load (0.4ms)[0m  [1m[34mSELECT "schema_migrations".* FROM "schema_migrations"[0m
  [1m[36mActiveRecord::InternalMetadata Load (76.4ms)[0m  [1m[34mSELECT  "ar_internal_metadata".* FROM "ar_internal_metadata" WHERE "ar_internal_metadata"."key" = $1 LIMIT $2[0m  [["key", "environment"], ["LIMIT", 1]]
  [1m[35m (0.1ms)[0m  [1m[35mBEGIN[0m
  [1m[35m (0.1ms)[0m  [1m[35mCOMMIT[0m
  [1m[35m (0.2ms)[0m  [1m[34mSELECT pg_advisory_unlock(8419689980163625905)[0m
  [1m[36mActiveRecord::SchemaMigration Load (0.2ms)[0m  [1m[34mSELECT "schema_migrations".* FROM "schema_migrations"[0m
Started GET "/" for 127.0.0.1 at 2018-05-25 11:50:06 +0530
  [1m[36mActiveRecord::SchemaMigration Load (0.4ms)[0m  [1m[34mSELECT "schema_migrations".* FROM "schema_migrations"[0m
Processing by PagesController#home as HTML
  Rendering pages/home.html.erb within layouts/application
  Rendered pages/home.html.erb within layouts/application (7.2ms)
Completed 200 OK in 231ms (Views: 222.1ms | ActiveRecord: 0.0ms)


Started GET "/" for 127.0.0.1 at 2018-05-25 11:50:12 +0530
Processing by PagesController#home as HTML
  Rendering pages/home.html.erb within layouts/application
  Rendered pages/home.html.erb within layouts/application (0.7ms)
Completed 200 OK in 21ms (Views: 19.8ms | ActiveRecord: 0.0ms)


Started GET "/" for 127.0.0.1 at 2018-05-25 11:50:19 +0530
Processing by PagesController#home as HTML
  Rendering pages/home.html.erb within layouts/application
  Rendered pages/home.html.erb within layouts/application (1.0ms)
Completed 200 OK in 28ms (Views: 27.2ms | ActiveRecord: 0.0ms)


Started GET "/users/auth/facebook" for 127.0.0.1 at 2018-05-25 11:50:22 +0530
Started GET "/users/auth/facebook" for 127.0.0.1 at 2018-05-25 11:50:24 +0530
Started GET "/users/auth/facebook/callback?code=AQA8-XZC3qW2dAiKxAl2i0_rVgSAkKdt5VP6FH4My-qiiLa33JovOW59Vg41KY42C57FEGKOd4qBabA7B0KpDwAIjJfegBXeu0y3bnhjrwdcqazedooNWPrssmZlcbchhdB6acrD5qAVZizay3XmQx0FJ_9sXqDt5qGsclA6IuGN58TpCtGeWZaB7H_RDs4pfeJPhzX0oiLKPh2WtF6Qman1p4LJqJw2z603-FsnGpZoIMrcP225yYrCuLWAd5EOzkSLOwfiDV3AFCLHw5U73Dz5gejfuTmsMj6ciqLM4zGBkwgSXyyct3_9Td06wIJnHEYZC-nN0Pt9PHvt7oSQbLoV&state=73e3e90309507b8d69c164d0399cf3afd88b9c13a4fbccd1" for 127.0.0.1 at 2018-05-25 11:50:55 +0530
Processing by Users::OmniauthCallbacksController#facebook as HTML
  Parameters: {"code"=>"AQA8-XZC3qW2dAiKxAl2i0_rVgSAkKdt5VP6FH4My-qiiLa33JovOW59Vg41KY42C57FEGKOd4qBabA7B0KpDwAIjJfegBXeu0y3bnhjrwdcqazedooNWPrssmZlcbchhdB6acrD5qAVZizay3XmQx0FJ_9sXqDt5qGsclA6IuGN58TpCtGeWZaB7H_RDs4pfeJPhzX0oiLKPh2WtF6Qman1p4LJqJw2z603-FsnGpZoIMrcP225yYrCuLWAd5EOzkSLOwfiDV3AFCLHw5U73Dz5gejfuTmsMj6ciqLM4zGBkwgSXyyct3_9Td06wIJnHEYZC-nN0Pt9PHvt7oSQbLoV", "state"=>"73e3e90309507b8d69c164d0399cf3afd88b9c13a4fbccd1"}
  [1m[36mUser Load (33.7ms)[0m  [1m[34mSELECT  "users".* FROM "users" WHERE "users"."provider" = $1 AND "users"."uid" = $2 ORDER BY "users"."id" ASC LIMIT $3[0m  [["provider", "facebook"], ["uid", "2193050047595378"], ["LIMIT", 1]]
  [1m[35m (0.1ms)[0m  [1m[35mBEGIN[0m
  [1m[36mUser Exists (0.5ms)[0m  [1m[34mSELECT  1 AS one FROM "users" WHERE "users"."email" = $1 LIMIT $2[0m  [["email", "ramus.2606@gmail.com"], ["LIMIT", 1]]
  [1m[35mSQL (53.6ms)[0m  [1m[32mINSERT INTO "users" ("email", "encrypted_password", "created_at", "updated_at", "provider", "uid", "name", "image") VALUES ($1, $2, $3, $4, $5, $6, $7, $8) RETURNING "id"[0m  [["email", "ramus.2606@gmail.com"], ["encrypted_password", "$2a$11$EgdP1IWYJDc3hFuvP1F3VufglBr2IyIK06seOjPSKkY3KmDJ9sB7W"], ["created_at", "2018-05-25 06:21:02.537870"], ["updated_at", "2018-05-25 06:21:02.537870"], ["provider", "facebook"], ["uid", "2193050047595378"], ["name", "Ramu Sampath"], ["image", "http://graph.facebook.com/v2.10/2193050047595378/picture"]]
  [1m[35m (8.9ms)[0m  [1m[35mCOMMIT[0m
  [1m[35m (0.2ms)[0m  [1m[35mBEGIN[0m
  [1m[35mSQL (0.4ms)[0m  [1m[33mUPDATE "users" SET "sign_in_count" = $1, "current_sign_in_at" = $2, "last_sign_in_at" = $3, "current_sign_in_ip" = $4, "last_sign_in_ip" = $5, "updated_at" = $6 WHERE "users"."id" = $7[0m  [["sign_in_count", 1], ["current_sign_in_at", "2018-05-25 06:21:02.602659"], ["last_sign_in_at", "2018-05-25 06:21:02.602659"], ["current_sign_in_ip", "127.0.0.1"], ["last_sign_in_ip", "127.0.0.1"], ["updated_at", "2018-05-25 06:21:02.603782"], ["id", 1]]
  [1m[35m (6.6ms)[0m  [1m[35mCOMMIT[0m
Redirected to http://localhost:3000/
Completed 302 Found in 530ms (ActiveRecord: 106.9ms)


Started GET "/" for 127.0.0.1 at 2018-05-25 11:51:02 +0530
Processing by PagesController#home as HTML
  Rendering pages/home.html.erb within layouts/application
  [1m[36mUser Load (0.4ms)[0m  [1m[34mSELECT  "users".* FROM "users" WHERE "users"."id" = $1 ORDER BY "users"."id" ASC LIMIT $2[0m  [["id", 1], ["LIMIT", 1]]
  Rendered pages/home.html.erb within layouts/application (1.9ms)
Completed 200 OK in 23ms (Views: 22.0ms | ActiveRecord: 0.4ms)


Started DELETE "/users/sign_out" for 127.0.0.1 at 2018-05-25 11:51:07 +0530
Processing by Devise::SessionsController#destroy as HTML
  Parameters: {"authenticity_token"=>"7H8w9eSFGQNxhWTp0nbrJtGxVfNg+CDoHxhr+d6UnW446q4o71ETUaYfbKq5qlmLLC1dOLNvhmlw6UxMn5FgEw=="}
  [1m[36mUser Load (0.3ms)[0m  [1m[34mSELECT  "users".* FROM "users" WHERE "users"."id" = $1 ORDER BY "users"."id" ASC LIMIT $2[0m  [["id", 1], ["LIMIT", 1]]
  [1m[35m (0.3ms)[0m  [1m[35mBEGIN[0m
  [1m[35m (0.2ms)[0m  [1m[35mCOMMIT[0m
Redirected to http://localhost:3000/
Completed 302 Found in 17ms (ActiveRecord: 0.8ms)


Started GET "/" for 127.0.0.1 at 2018-05-25 11:51:07 +0530
Processing by PagesController#home as HTML
  Rendering pages/home.html.erb within layouts/application
  Rendered pages/home.html.erb within layouts/application (0.8ms)
Completed 200 OK in 37ms (Views: 35.5ms | ActiveRecord: 0.0ms)


